<?xml version="1.0" encoding="UTF-8"?>
<testsuite name="ru.stqa.testing.sandbox.PrimeTests" tests="1" skipped="0" failures="0" errors="0" timestamp="2020-07-28T19:25:05" hostname="DESKTOP-AQ5U5ML" time="0.005">
  <properties/>
  <testcase name="testPrimesFast" classname="ru.stqa.testing.sandbox.PrimeTests" time="0.005"/>
  <system-out><![CDATA[]]></system-out>
  <system-err><![CDATA[]]></system-err>
</testsuite>
