<?xml version="1.0" encoding="UTF-8"?>
<testsuite name="ru.stqa.testing.sandbox.SquareTests" tests="1" skipped="0" failures="0" errors="0" timestamp="2020-07-18T00:48:39" hostname="DESKTOP-AQ5U5ML" time="0.005">
  <properties/>
  <testcase name="testArea" classname="ru.stqa.testing.sandbox.SquareTests" time="0.005"/>
  <system-out><![CDATA[]]></system-out>
  <system-err><![CDATA[]]></system-err>
</testsuite>
