<?xml version="1.0" encoding="UTF-8"?>
<testsuite name="ru.stqa.testing.sandbox.EquationTests" tests="1" skipped="0" failures="0" errors="0" timestamp="2020-07-24T16:19:15" hostname="DESKTOP-AQ5U5ML" time="0.005">
  <properties/>
  <testcase name="test2" classname="ru.stqa.testing.sandbox.EquationTests" time="0.005"/>
  <system-out><![CDATA[]]></system-out>
  <system-err><![CDATA[]]></system-err>
</testsuite>
