<?xml version="1.0" encoding="UTF-8"?>
<testsuite name="ru.stqa.testing.addressbook.Tests.GroupModificationTests" tests="1" skipped="0" failures="0" errors="0" timestamp="2020-07-20T19:11:05" hostname="DESKTOP-AQ5U5ML" time="1.207">
  <properties/>
  <testcase name="testGroupModification" classname="ru.stqa.testing.addressbook.Tests.GroupModificationTests" time="1.207"/>
  <system-out><![CDATA[]]></system-out>
  <system-err><![CDATA[SLF4J: Failed to load class "org.slf4j.impl.StaticLoggerBinder".
SLF4J: Defaulting to no-operation (NOP) logger implementation
SLF4J: See http://www.slf4j.org/codes.html#StaticLoggerBinder for further details.
1595272262863	mozrunner::runner	INFO	Running command: "C:\\Program Files\\Mozilla Firefox\\firefox.exe" "-marionette" "-foreground" "-no-remote" "-profile" "C:\\Users\\artur\\AppData\\Local\\Temp\\rust_mozprofile97nxJX"
1595272263217	addons.webextension.screenshots@mozilla.org	WARN	Loading extension 'screenshots@mozilla.org': Reading manifest: Invalid extension permission: mozillaAddons
1595272263220	addons.webextension.screenshots@mozilla.org	WARN	Loading extension 'screenshots@mozilla.org': Reading manifest: Invalid extension permission: telemetry
1595272263220	addons.webextension.screenshots@mozilla.org	WARN	Loading extension 'screenshots@mozilla.org': Reading manifest: Invalid extension permission: resource://pdf.js/
1595272263220	addons.webextension.screenshots@mozilla.org	WARN	Loading extension 'screenshots@mozilla.org': Reading manifest: Invalid extension permission: about:reader*
JavaScript error: undefined, line 14: Error: An unexpected error occurred
JavaScript error: moz-extension://97685e4d-79c7-410c-a0a7-2385e3b835cc/lib/picture_in_picture_overrides.js, line 15: Error: Incorrect argument types for pictureInPictureParent.setOverrides.
JavaScript error: resource:///modules/sessionstore/SessionStore.jsm, line 1325: uncaught exception: 2147746065
1595272264543	Marionette	INFO	Listening on port 54423
1595272264872	Marionette	WARN	TLS certificate errors will be ignored for this session
Jul 20, 2020 3:11:04 PM org.openqa.selenium.remote.ProtocolHandshake createSession
INFO: Detected dialect: W3C
]]></system-err>
</testsuite>
