<?xml version="1.0" encoding="UTF-8"?>
<testsuite name="ru.stqa.testing.addressbook.Tests.GroupModificationTests" tests="1" skipped="0" failures="0" errors="0" timestamp="2020-07-28T23:44:10" hostname="DESKTOP-AQ5U5ML" time="1.258">
  <properties/>
  <testcase name="testGroupModification" classname="ru.stqa.testing.addressbook.Tests.GroupModificationTests" time="1.258"/>
  <system-out><![CDATA[]]></system-out>
  <system-err><![CDATA[1595979847169	mozrunner::runner	INFO	Running command: "C:\\Program Files\\Mozilla Firefox\\firefox.exe" "-marionette" "-foreground" "-no-remote" "-profile" "C:\\Users\\artur\\AppData\\Local\\Temp\\rust_mozprofile0H2ESU"
1595979847580	addons.webextension.screenshots@mozilla.org	WARN	Loading extension 'screenshots@mozilla.org': Reading manifest: Invalid extension permission: mozillaAddons
1595979847580	addons.webextension.screenshots@mozilla.org	WARN	Loading extension 'screenshots@mozilla.org': Reading manifest: Invalid extension permission: telemetry
1595979847580	addons.webextension.screenshots@mozilla.org	WARN	Loading extension 'screenshots@mozilla.org': Reading manifest: Invalid extension permission: resource://pdf.js/
1595979847580	addons.webextension.screenshots@mozilla.org	WARN	Loading extension 'screenshots@mozilla.org': Reading manifest: Invalid extension permission: about:reader*
JavaScript error: undefined, line 14: Error: An unexpected error occurred
JavaScript error: moz-extension://75195cd1-fa46-4f77-a1d5-6630fc6726a0/lib/picture_in_picture_overrides.js, line 15: Error: Incorrect argument types for pictureInPictureParent.setOverrides.
JavaScript error: resource:///modules/sessionstore/SessionStore.jsm, line 1325: uncaught exception: 2147746065
1595979849157	Marionette	INFO	Listening on port 60427
1595979849198	Marionette	WARN	TLS certificate errors will be ignored for this session
Jul 28, 2020 7:44:09 PM org.openqa.selenium.remote.ProtocolHandshake createSession
INFO: Detected dialect: W3C
]]></system-err>
</testsuite>
