<?xml version="1.0" encoding="UTF-8"?>
<testsuite name="ru.stqa.testing.addressbook.Tests.GroupCreationTests" tests="1" skipped="0" failures="0" errors="0" timestamp="2020-07-27T23:39:31" hostname="DESKTOP-AQ5U5ML" time="1.056">
  <properties/>
  <testcase name="testGroupCreationTests" classname="ru.stqa.testing.addressbook.Tests.GroupCreationTests" time="1.056"/>
  <system-out><![CDATA[]]></system-out>
  <system-err><![CDATA[1595893168647	mozrunner::runner	INFO	Running command: "C:\\Program Files\\Mozilla Firefox\\firefox.exe" "-marionette" "-foreground" "-no-remote" "-profile" "C:\\Users\\artur\\AppData\\Local\\Temp\\rust_mozprofilepwT8U9"
1595893169029	addons.webextension.screenshots@mozilla.org	WARN	Loading extension 'screenshots@mozilla.org': Reading manifest: Invalid extension permission: mozillaAddons
1595893169029	addons.webextension.screenshots@mozilla.org	WARN	Loading extension 'screenshots@mozilla.org': Reading manifest: Invalid extension permission: telemetry
1595893169032	addons.webextension.screenshots@mozilla.org	WARN	Loading extension 'screenshots@mozilla.org': Reading manifest: Invalid extension permission: resource://pdf.js/
1595893169032	addons.webextension.screenshots@mozilla.org	WARN	Loading extension 'screenshots@mozilla.org': Reading manifest: Invalid extension permission: about:reader*
JavaScript error: undefined, line 14: Error: An unexpected error occurred
JavaScript error: moz-extension://0ebbb8dc-c512-44a2-8cc7-e456a4c34255/lib/picture_in_picture_overrides.js, line 15: Error: Incorrect argument types for pictureInPictureParent.setOverrides.
JavaScript error: resource:///modules/sessionstore/SessionStore.jsm, line 1325: uncaught exception: 2147746065
1595893170444	Marionette	INFO	Listening on port 52923
1595893170662	Marionette	WARN	TLS certificate errors will be ignored for this session
Jul 27, 2020 7:39:30 PM org.openqa.selenium.remote.ProtocolHandshake createSession
INFO: Detected dialect: W3C
]]></system-err>
</testsuite>
