<?xml version="1.0" encoding="UTF-8"?>
<testsuite name="ru.stqa.testing.addressbook.Tests.GroupModificationTests" tests="1" skipped="0" failures="0" errors="0" timestamp="2020-07-28T00:02:43" hostname="DESKTOP-AQ5U5ML" time="2.117">
  <properties/>
  <testcase name="testGroupModification" classname="ru.stqa.testing.addressbook.Tests.GroupModificationTests" time="2.117"/>
  <system-out><![CDATA[]]></system-out>
  <system-err><![CDATA[1595894560351	mozrunner::runner	INFO	Running command: "C:\\Program Files\\Mozilla Firefox\\firefox.exe" "-marionette" "-foreground" "-no-remote" "-profile" "C:\\Users\\artur\\AppData\\Local\\Temp\\rust_mozprofilexo7Tc5"
1595894560739	addons.webextension.screenshots@mozilla.org	WARN	Loading extension 'screenshots@mozilla.org': Reading manifest: Invalid extension permission: mozillaAddons
1595894560740	addons.webextension.screenshots@mozilla.org	WARN	Loading extension 'screenshots@mozilla.org': Reading manifest: Invalid extension permission: telemetry
1595894560740	addons.webextension.screenshots@mozilla.org	WARN	Loading extension 'screenshots@mozilla.org': Reading manifest: Invalid extension permission: resource://pdf.js/
1595894560740	addons.webextension.screenshots@mozilla.org	WARN	Loading extension 'screenshots@mozilla.org': Reading manifest: Invalid extension permission: about:reader*
JavaScript error: undefined, line 14: Error: An unexpected error occurred
JavaScript error: moz-extension://eb6a558e-77fa-459d-b079-50fad9c02b60/lib/picture_in_picture_overrides.js, line 15: Error: Incorrect argument types for pictureInPictureParent.setOverrides.
JavaScript error: resource:///modules/sessionstore/SessionStore.jsm, line 1325: uncaught exception: 2147746065
1595894562148	Marionette	INFO	Listening on port 53520
1595894562362	Marionette	WARN	TLS certificate errors will be ignored for this session
Jul 27, 2020 8:02:42 PM org.openqa.selenium.remote.ProtocolHandshake createSession
INFO: Detected dialect: W3C
]]></system-err>
</testsuite>
