<?xml version="1.0" encoding="UTF-8"?>
<testsuite name="ru.stqa.testing.addressbook.GroupRemovingTests" tests="1" skipped="0" failures="0" errors="0" timestamp="2020-07-18T20:12:31" hostname="DESKTOP-AQ5U5ML" time="0.483">
  <properties/>
  <testcase name="testGroupRemovingTests" classname="ru.stqa.testing.addressbook.GroupRemovingTests" time="0.483"/>
  <system-out><![CDATA[]]></system-out>
  <system-err><![CDATA[SLF4J: Failed to load class "org.slf4j.impl.StaticLoggerBinder".
SLF4J: Defaulting to no-operation (NOP) logger implementation
SLF4J: See http://www.slf4j.org/codes.html#StaticLoggerBinder for further details.
1595103148142	mozrunner::runner	INFO	Running command: "C:\\Program Files\\Mozilla Firefox\\firefox.exe" "-marionette" "-foreground" "-no-remote" "-profile" "C:\\Users\\artur\\AppData\\Local\\Temp\\rust_mozprofilecylagv"
1595103148529	addons.webextension.screenshots@mozilla.org	WARN	Loading extension 'screenshots@mozilla.org': Reading manifest: Invalid extension permission: mozillaAddons
1595103148529	addons.webextension.screenshots@mozilla.org	WARN	Loading extension 'screenshots@mozilla.org': Reading manifest: Invalid extension permission: telemetry
1595103148532	addons.webextension.screenshots@mozilla.org	WARN	Loading extension 'screenshots@mozilla.org': Reading manifest: Invalid extension permission: resource://pdf.js/
1595103148532	addons.webextension.screenshots@mozilla.org	WARN	Loading extension 'screenshots@mozilla.org': Reading manifest: Invalid extension permission: about:reader*
JavaScript error: undefined, line 14: Error: An unexpected error occurred
JavaScript error: moz-extension://585d0324-aa29-4476-9640-33bcf614e511/lib/picture_in_picture_overrides.js, line 15: Error: Incorrect argument types for pictureInPictureParent.setOverrides.
JavaScript error: resource:///modules/sessionstore/SessionStore.jsm, line 1325: uncaught exception: 2147746065
1595103149957	Marionette	INFO	Listening on port 54721
1595103150150	Marionette	WARN	TLS certificate errors will be ignored for this session
Jul 18, 2020 4:12:30 PM org.openqa.selenium.remote.ProtocolHandshake createSession
INFO: Detected dialect: W3C
]]></system-err>
</testsuite>
