<?xml version="1.0" encoding="UTF-8"?>
<testsuite name="ru.stqa.testing.addressbook.Tests.GroupRemovingTests" tests="1" skipped="0" failures="0" errors="0" timestamp="2020-07-29T22:08:36" hostname="DESKTOP-AQ5U5ML" time="0.552">
  <properties/>
  <testcase name="testGroupRemovingTests" classname="ru.stqa.testing.addressbook.Tests.GroupRemovingTests" time="0.552"/>
  <system-out><![CDATA[]]></system-out>
  <system-err><![CDATA[1596060513974	mozrunner::runner	INFO	Running command: "C:\\Program Files\\Mozilla Firefox\\firefox.exe" "-marionette" "-foreground" "-no-remote" "-profile" "C:\\Users\\artur\\AppData\\Local\\Temp\\rust_mozprofileaXI6dh"
1596060514375	addons.webextension.screenshots@mozilla.org	WARN	Loading extension 'screenshots@mozilla.org': Reading manifest: Invalid extension permission: mozillaAddons
1596060514376	addons.webextension.screenshots@mozilla.org	WARN	Loading extension 'screenshots@mozilla.org': Reading manifest: Invalid extension permission: telemetry
1596060514379	addons.webextension.screenshots@mozilla.org	WARN	Loading extension 'screenshots@mozilla.org': Reading manifest: Invalid extension permission: resource://pdf.js/
1596060514379	addons.webextension.screenshots@mozilla.org	WARN	Loading extension 'screenshots@mozilla.org': Reading manifest: Invalid extension permission: about:reader*
JavaScript error: undefined, line 14: Error: An unexpected error occurred
JavaScript error: moz-extension://b63802d5-5be0-4dac-908d-615d276555fd/lib/picture_in_picture_overrides.js, line 15: Error: Incorrect argument types for pictureInPictureParent.setOverrides.
JavaScript error: resource:///modules/sessionstore/SessionStore.jsm, line 1325: uncaught exception: 2147746065
1596060515777	Marionette	INFO	Listening on port 55866
1596060515981	Marionette	WARN	TLS certificate errors will be ignored for this session
Jul 29, 2020 6:08:36 PM org.openqa.selenium.remote.ProtocolHandshake createSession
INFO: Detected dialect: W3C
]]></system-err>
</testsuite>
