<?xml version="1.0" encoding="UTF-8"?>
<testsuite name="ru.stqa.testing.addressbook.UntitledTestCase" tests="1" skipped="0" failures="0" errors="0" timestamp="2020-07-18T18:18:44" hostname="DESKTOP-AQ5U5ML" time="1.816">
  <properties/>
  <testcase name="testUntitledTestCase" classname="ru.stqa.testing.addressbook.UntitledTestCase" time="1.816"/>
  <system-out><![CDATA[]]></system-out>
  <system-err><![CDATA[SLF4J: Failed to load class "org.slf4j.impl.StaticLoggerBinder".
SLF4J: Defaulting to no-operation (NOP) logger implementation
SLF4J: See http://www.slf4j.org/codes.html#StaticLoggerBinder for further details.
1595096321782	mozrunner::runner	INFO	Running command: "C:\\Program Files\\Mozilla Firefox\\firefox.exe" "-marionette" "-foreground" "-no-remote" "-profile" "C:\\Users\\artur\\AppData\\Local\\Temp\\rust_mozprofilebjp1BO"
1595096322145	addons.webextension.screenshots@mozilla.org	WARN	Loading extension 'screenshots@mozilla.org': Reading manifest: Invalid extension permission: mozillaAddons
1595096322145	addons.webextension.screenshots@mozilla.org	WARN	Loading extension 'screenshots@mozilla.org': Reading manifest: Invalid extension permission: telemetry
1595096322145	addons.webextension.screenshots@mozilla.org	WARN	Loading extension 'screenshots@mozilla.org': Reading manifest: Invalid extension permission: resource://pdf.js/
1595096322148	addons.webextension.screenshots@mozilla.org	WARN	Loading extension 'screenshots@mozilla.org': Reading manifest: Invalid extension permission: about:reader*
JavaScript error: undefined, line 14: Error: An unexpected error occurred
JavaScript error: moz-extension://6331cc11-317c-4861-b91a-f170d964976b/lib/picture_in_picture_overrides.js, line 15: Error: Incorrect argument types for pictureInPictureParent.setOverrides.
JavaScript error: resource:///modules/sessionstore/SessionStore.jsm, line 1325: uncaught exception: 2147746065
1595096323518	Marionette	INFO	Listening on port 53036
1595096323794	Marionette	WARN	TLS certificate errors will be ignored for this session
Jul 18, 2020 2:18:43 PM org.openqa.selenium.remote.ProtocolHandshake createSession
INFO: Detected dialect: W3C
]]></system-err>
</testsuite>
