<?xml version="1.0" encoding="UTF-8"?>
<testsuite name="ru.stqa.testing.addressbook.Tests.GroupCreationTests" tests="1" skipped="0" failures="0" errors="0" timestamp="2020-07-18T23:11:28" hostname="DESKTOP-AQ5U5ML" time="1.012">
  <properties/>
  <testcase name="testGroupCreationTests" classname="ru.stqa.testing.addressbook.Tests.GroupCreationTests" time="1.012"/>
  <system-out><![CDATA[]]></system-out>
  <system-err><![CDATA[SLF4J: Failed to load class "org.slf4j.impl.StaticLoggerBinder".
SLF4J: Defaulting to no-operation (NOP) logger implementation
SLF4J: See http://www.slf4j.org/codes.html#StaticLoggerBinder for further details.
1595113885494	mozrunner::runner	INFO	Running command: "C:\\Program Files\\Mozilla Firefox\\firefox.exe" "-marionette" "-foreground" "-no-remote" "-profile" "C:\\Users\\artur\\AppData\\Local\\Temp\\rust_mozprofileH2GGhr"
1595113885875	addons.webextension.screenshots@mozilla.org	WARN	Loading extension 'screenshots@mozilla.org': Reading manifest: Invalid extension permission: mozillaAddons
1595113885875	addons.webextension.screenshots@mozilla.org	WARN	Loading extension 'screenshots@mozilla.org': Reading manifest: Invalid extension permission: telemetry
1595113885878	addons.webextension.screenshots@mozilla.org	WARN	Loading extension 'screenshots@mozilla.org': Reading manifest: Invalid extension permission: resource://pdf.js/
1595113885878	addons.webextension.screenshots@mozilla.org	WARN	Loading extension 'screenshots@mozilla.org': Reading manifest: Invalid extension permission: about:reader*
JavaScript error: undefined, line 14: Error: An unexpected error occurred
JavaScript error: moz-extension://9151681f-0d20-43d5-820e-ff8739294df9/lib/picture_in_picture_overrides.js, line 15: Error: Incorrect argument types for pictureInPictureParent.setOverrides.
JavaScript error: resource:///modules/sessionstore/SessionStore.jsm, line 1325: uncaught exception: 2147746065
1595113887272	Marionette	INFO	Listening on port 58493
1595113887510	Marionette	WARN	TLS certificate errors will be ignored for this session
Jul 18, 2020 7:11:27 PM org.openqa.selenium.remote.ProtocolHandshake createSession
INFO: Detected dialect: W3C
]]></system-err>
</testsuite>
