<?xml version="1.0" encoding="UTF-8"?>
<testsuite name="ru.stqa.testing.addressbook.Tests.GroupModificationTests" tests="1" skipped="0" failures="0" errors="0" timestamp="2020-07-31T21:00:41" hostname="DESKTOP-AQ5U5ML" time="2.15">
  <properties/>
  <testcase name="testGroupModification" classname="ru.stqa.testing.addressbook.Tests.GroupModificationTests" time="2.15"/>
  <system-out><![CDATA[]]></system-out>
  <system-err><![CDATA[1596229238572	mozrunner::runner	INFO	Running command: "C:\\Program Files\\Mozilla Firefox\\firefox.exe" "-marionette" "-foreground" "-no-remote" "-profile" "C:\\Users\\artur\\AppData\\Local\\Temp\\rust_mozprofileQ2PvfT"
1596229238965	addons.webextension.screenshots@mozilla.org	WARN	Loading extension 'screenshots@mozilla.org': Reading manifest: Invalid extension permission: mozillaAddons
1596229238965	addons.webextension.screenshots@mozilla.org	WARN	Loading extension 'screenshots@mozilla.org': Reading manifest: Invalid extension permission: telemetry
1596229238965	addons.webextension.screenshots@mozilla.org	WARN	Loading extension 'screenshots@mozilla.org': Reading manifest: Invalid extension permission: resource://pdf.js/
1596229238966	addons.webextension.screenshots@mozilla.org	WARN	Loading extension 'screenshots@mozilla.org': Reading manifest: Invalid extension permission: about:reader*
JavaScript error: undefined, line 14: Error: An unexpected error occurred
JavaScript error: moz-extension://a1c8770c-0ecb-4499-8ce2-89b5adab9cc1/lib/picture_in_picture_overrides.js, line 15: Error: Incorrect argument types for pictureInPictureParent.setOverrides.
JavaScript error: resource:///modules/sessionstore/SessionStore.jsm, line 1325: uncaught exception: 2147746065
1596229240272	Marionette	INFO	Listening on port 53406
1596229240581	Marionette	WARN	TLS certificate errors will be ignored for this session
Jul 31, 2020 5:00:40 PM org.openqa.selenium.remote.ProtocolHandshake createSession
INFO: Detected dialect: W3C
]]></system-err>
</testsuite>
