<?xml version="1.0" encoding="UTF-8"?>
<testsuite name="ru.stqa.testing.addressbook.Tests.GroupCreationTests" tests="1" skipped="0" failures="0" errors="0" timestamp="2020-07-28T23:36:17" hostname="DESKTOP-AQ5U5ML" time="1.051">
  <properties/>
  <testcase name="testGroupCreationTests" classname="ru.stqa.testing.addressbook.Tests.GroupCreationTests" time="1.051"/>
  <system-out><![CDATA[]]></system-out>
  <system-err><![CDATA[1595979374461	mozrunner::runner	INFO	Running command: "C:\\Program Files\\Mozilla Firefox\\firefox.exe" "-marionette" "-foreground" "-no-remote" "-profile" "C:\\Users\\artur\\AppData\\Local\\Temp\\rust_mozprofileYgNqSG"
1595979374842	addons.webextension.screenshots@mozilla.org	WARN	Loading extension 'screenshots@mozilla.org': Reading manifest: Invalid extension permission: mozillaAddons
1595979374842	addons.webextension.screenshots@mozilla.org	WARN	Loading extension 'screenshots@mozilla.org': Reading manifest: Invalid extension permission: telemetry
1595979374842	addons.webextension.screenshots@mozilla.org	WARN	Loading extension 'screenshots@mozilla.org': Reading manifest: Invalid extension permission: resource://pdf.js/
1595979374843	addons.webextension.screenshots@mozilla.org	WARN	Loading extension 'screenshots@mozilla.org': Reading manifest: Invalid extension permission: about:reader*
JavaScript error: undefined, line 14: Error: An unexpected error occurred
JavaScript error: moz-extension://1caac9da-722b-4c5c-8f91-25f6c9c7b915/lib/picture_in_picture_overrides.js, line 15: Error: Incorrect argument types for pictureInPictureParent.setOverrides.
JavaScript error: resource:///modules/sessionstore/SessionStore.jsm, line 1325: uncaught exception: 2147746065
1595979376256	Marionette	INFO	Listening on port 60259
1595979376470	Marionette	WARN	TLS certificate errors will be ignored for this session
Jul 28, 2020 7:36:16 PM org.openqa.selenium.remote.ProtocolHandshake createSession
INFO: Detected dialect: W3C
]]></system-err>
</testsuite>
